<?xml version="1.0" encoding="utf-8"?>
<ImportLog>
	<RowImport>
		<Status>Ok</Status>
		<Type>c9584656-94b6-4ccd-890f-332d11fc2c25</Type>
		<TypeName>WebPanel</TypeName>
		<Name>RwdMasterPage</Name>
		<Errors />
		<Warnings />
		<Info />
	</RowImport>
	<RowImport>
		<Status>Ok</Status>
		<Type>c9584656-94b6-4ccd-890f-332d11fc2c25</Type>
		<TypeName>WebPanel</TypeName>
		<Name>RwdPromptMasterPage</Name>
		<Errors />
		<Warnings />
		<Info />
	</RowImport>
	<RowImport>
		<Status>Ok</Status>
		<Type>c9584656-94b6-4ccd-890f-332d11fc2c25</Type>
		<TypeName>WebPanel</TypeName>
		<Name>RwdRecentLinks</Name>
		<Errors />
		<Warnings />
		<Info />
	</RowImport>
</ImportLog>